<?xml version="1.0" encoding="UTF-8"?>
<!-- Generated by org.testng.reporters.JUnitReportReporter -->
<testsuite skipped="0" hostname="LAPTOP-E20AETQ6" name="jenkins.AmazonTest3" tests="2" failures="0" timestamp="21 Jan 2021 07:52:27 GMT" time="5.066" errors="0">
  <testcase name="createAmazoneAccount" time="1.882" classname="jenkins.AmazonTest3"/>
  <testcase name="amazone" time="3.184" classname="jenkins.AmazonTest3"/>
</testsuite> <!-- jenkins.AmazonTest3 -->
