<?xml version="1.0" encoding="UTF-8"?>
<!-- Generated by org.testng.reporters.JUnitReportReporter -->
<testsuite skipped="0" hostname="LAPTOP-E20AETQ6" name="jenkins.AmazonTest2" tests="1" failures="0" timestamp="20 Jan 2021 18:45:00 GMT" time="4.426" errors="0">
  <testcase name="createAmazoneAccount" time="4.426" classname="jenkins.AmazonTest2"/>
</testsuite> <!-- jenkins.AmazonTest2 -->
