<?xml version="1.0" encoding="UTF-8"?>
<!-- Generated by org.testng.reporters.JUnitReportReporter -->
<testsuite skipped="0" hostname="LAPTOP-E20AETQ6" name="jenkins.AmazonTest3" tests="2" failures="0" timestamp="21 Jan 2021 09:44:58 GMT" time="20.984" errors="0">
  <testcase name="createAmazoneAccount" time="2.442" classname="jenkins.AmazonTest3"/>
  <testcase name="amazone" time="18.542" classname="jenkins.AmazonTest3"/>
</testsuite> <!-- jenkins.AmazonTest3 -->
